0 info it worked if it ends with ok
1 verbose cli [ '/usr/bin/node', '/usr/bin/npm', 'run', 'eslint:fix' ]
2 info using npm@3.5.2
3 info using node@v8.10.0
4 verbose run-script [ 'preeslint:fix', 'eslint:fix', 'posteslint:fix' ]
5 info lifecycle social-network@1.0.0~preeslint:fix: social-network@1.0.0
6 silly lifecycle social-network@1.0.0~preeslint:fix: no script for preeslint:fix, continuing
7 info lifecycle social-network@1.0.0~eslint:fix: social-network@1.0.0
8 verbose lifecycle social-network@1.0.0~eslint:fix: unsafe-perm in lifecycle true
9 verbose lifecycle social-network@1.0.0~eslint:fix: PATH: /usr/share/npm/bin/node-gyp-bin:/home/monalinda/MEGA/DevWeb/bootcamps/Laboratoria/Projetos/Projeto3_RedeSocial/SAP004-social-network/node_modules/.bin:/usr/local/sbin:/usr/local/bin:/usr/sbin:/usr/bin:/sbin:/bin:/usr/games:/usr/local/games:/snap/bin
10 verbose lifecycle social-network@1.0.0~eslint:fix: CWD: /home/monalinda/MEGA/DevWeb/bootcamps/Laboratoria/Projetos/Projeto3_RedeSocial/SAP004-social-network
11 silly lifecycle social-network@1.0.0~eslint:fix: Args: [ '-c', 'eslint --fix --ext .js src/ test/' ]
12 silly lifecycle social-network@1.0.0~eslint:fix: Returned: code: 2  signal: null
13 info lifecycle social-network@1.0.0~eslint:fix: Failed to exec eslint:fix script
14 verbose stack Error: social-network@1.0.0 eslint:fix: `eslint --fix --ext .js src/ test/`
14 verbose stack Exit status 2
14 verbose stack     at EventEmitter.<anonymous> (/usr/share/npm/lib/utils/lifecycle.js:232:16)
14 verbose stack     at emitTwo (events.js:126:13)
14 verbose stack     at EventEmitter.emit (events.js:214:7)
14 verbose stack     at ChildProcess.<anonymous> (/usr/share/npm/lib/utils/spawn.js:24:14)
14 verbose stack     at emitTwo (events.js:126:13)
14 verbose stack     at ChildProcess.emit (events.js:214:7)
14 verbose stack     at maybeClose (internal/child_process.js:925:16)
14 verbose stack     at Process.ChildProcess._handle.onexit (internal/child_process.js:209:5)
15 verbose pkgid social-network@1.0.0
16 verbose cwd /home/monalinda/MEGA/DevWeb/bootcamps/Laboratoria/Projetos/Projeto3_RedeSocial/SAP004-social-network
17 error Linux 4.15.0-1081-oem
18 error argv "/usr/bin/node" "/usr/bin/npm" "run" "eslint:fix"
19 error node v8.10.0
20 error npm  v3.5.2
21 error code ELIFECYCLE
22 error social-network@1.0.0 eslint:fix: `eslint --fix --ext .js src/ test/`
22 error Exit status 2
23 error Failed at the social-network@1.0.0 eslint:fix script 'eslint --fix --ext .js src/ test/'.
23 error Make sure you have the latest version of node.js and npm installed.
23 error If you do, this is most likely a problem with the social-network package,
23 error not with npm itself.
23 error Tell the author that this fails on your system:
23 error     eslint --fix --ext .js src/ test/
23 error You can get information on how to open an issue for this project with:
23 error     npm bugs social-network
23 error Or if that isn't available, you can get their info via:
23 error     npm owner ls social-network
23 error There is likely additional logging output above.
24 verbose exit [ 1, true ]
